TN:
SF:src/config/database.ts
FNF:0
FNH:0
DA:1,6
DA:2,6
DA:5,6
DA:7,6
DA:9,6
DA:45,6
DA:48,6
DA:51,6
LF:8
LH:8
BRDA:7,0,0,6
BRDA:7,0,1,0
BRDA:11,1,0,6
BRDA:11,1,1,0
BRDA:12,2,0,6
BRDA:12,2,1,0
BRDA:13,3,0,6
BRDA:13,3,1,0
BRDA:14,4,0,6
BRDA:14,4,1,0
BRDA:15,5,0,6
BRDA:15,5,1,0
BRDA:22,6,0,6
BRDA:22,6,1,0
BRDA:23,7,0,6
BRDA:23,7,1,0
BRDA:24,8,0,6
BRDA:24,8,1,6
BRDA:25,9,0,6
BRDA:25,9,1,0
BRDA:26,10,0,6
BRDA:26,10,1,0
BRDA:33,11,0,6
BRDA:33,11,1,0
BRDA:34,12,0,6
BRDA:34,12,1,0
BRDA:35,13,0,6
BRDA:35,13,1,0
BRDA:36,14,0,6
BRDA:36,14,1,0
BRDA:37,15,0,6
BRDA:37,15,1,0
BRF:32
BRH:17
end_of_record
TN:
SF:src/config/s3.config.ts
FNF:0
FNH:0
DA:1,3
DA:3,3
DA:4,3
DA:5,3
DA:6,3
DA:8,3
DA:15,3
DA:16,2
DA:19,3
DA:27,3
LF:10
LH:10
BRDA:3,0,0,3
BRDA:3,0,1,2
BRDA:4,1,0,3
BRDA:4,1,1,2
BRDA:5,2,0,3
BRDA:5,2,1,2
BRDA:6,3,0,3
BRDA:6,3,1,2
BRDA:15,4,0,2
BRDA:15,5,0,3
BRDA:15,5,1,1
BRF:11
BRH:11
end_of_record
TN:
SF:src/config/socket.ts
FN:20,(anonymous_0)
FN:35,(anonymous_1)
FN:38,(anonymous_2)
FN:51,(anonymous_3)
FN:59,(anonymous_4)
FNF:5
FNH:0
FNDA:0,(anonymous_0)
FNDA:0,(anonymous_1)
FNDA:0,(anonymous_2)
FNDA:0,(anonymous_3)
FNDA:0,(anonymous_4)
DA:1,2
DA:3,2
DA:20,2
DA:21,0
DA:33,0
DA:35,0
DA:36,0
DA:38,0
DA:39,0
DA:40,0
DA:41,0
DA:43,0
DA:44,0
DA:51,0
DA:52,0
DA:56,0
DA:59,2
DA:60,0
DA:61,0
DA:63,0
LF:20
LH:4
BRDA:23,0,0,0
BRDA:23,0,1,0
BRDA:46,1,0,0
BRDA:46,1,1,0
BRDA:60,2,0,0
BRF:5
BRH:0
end_of_record
TN:
SF:src/controllers/auth.controller.ts
FN:14,(anonymous_0)
FN:38,(anonymous_1)
FNF:2
FNH:2
FNDA:2,(anonymous_0)
FNDA:2,(anonymous_1)
DA:2,1
DA:3,1
DA:4,1
DA:14,1
DA:18,2
DA:19,2
DA:21,2
DA:22,2
DA:23,1
DA:24,1
DA:26,1
DA:27,1
DA:38,1
DA:42,2
DA:43,2
DA:45,2
DA:46,2
DA:47,1
DA:48,1
DA:50,1
DA:51,1
DA:55,1
LF:22
LH:22
BRF:0
BRH:0
end_of_record
TN:
SF:src/controllers/user.controller.ts
FN:8,(anonymous_0)
FN:19,(anonymous_1)
FN:41,(anonymous_2)
FN:70,(anonymous_3)
FN:95,(anonymous_4)
FN:131,(anonymous_5)
FNF:6
FNH:6
FNDA:10,(anonymous_0)
FNDA:2,(anonymous_1)
FNDA:2,(anonymous_2)
FNDA:2,(anonymous_3)
FNDA:2,(anonymous_4)
FNDA:2,(anonymous_5)
DA:2,1
DA:5,1
DA:9,10
DA:20,2
DA:21,2
DA:22,1
DA:23,1
DA:25,1
DA:29,1
DA:30,1
DA:48,2
DA:49,2
DA:50,1
DA:51,1
DA:53,1
DA:57,1
DA:59,1
DA:74,2
DA:75,2
DA:76,1
DA:77,1
DA:79,1
DA:83,1
DA:84,1
DA:99,2
DA:100,2
DA:102,2
DA:103,1
DA:107,1
DA:108,1
DA:111,1
DA:112,1
DA:113,1
DA:115,1
DA:119,1
DA:120,1
DA:135,2
DA:136,2
DA:137,2
DA:139,1
DA:140,0
DA:144,0
DA:145,0
DA:148,1
DA:149,1
DA:151,1
DA:155,1
DA:156,1
LF:48
LH:45
BRDA:27,0,0,1
BRDA:27,0,1,0
BRDA:29,1,0,0
BRDA:29,1,1,1
BRDA:55,2,0,1
BRDA:55,2,1,0
BRDA:57,3,0,1
BRDA:57,3,1,0
BRDA:58,4,0,0
BRDA:58,4,1,0
BRDA:81,5,0,1
BRDA:81,5,1,0
BRDA:83,6,0,1
BRDA:83,6,1,0
BRDA:102,7,0,1
BRDA:102,8,0,2
BRDA:102,8,1,2
BRDA:102,8,2,1
BRDA:117,9,0,1
BRDA:117,9,1,0
BRDA:119,10,0,1
BRDA:119,10,1,0
BRDA:139,11,0,0
BRDA:153,12,0,1
BRDA:153,12,1,0
BRDA:155,13,0,1
BRDA:155,13,1,0
BRF:27
BRH:14
end_of_record
TN:
SF:src/controllers/video.controller.ts
FN:16,(anonymous_0)
FN:27,(anonymous_1)
FN:72,(anonymous_2)
FNF:3
FNH:3
FNDA:7,(anonymous_0)
FNDA:4,(anonymous_1)
FNDA:3,(anonymous_2)
DA:2,1
DA:13,1
DA:16,7
DA:17,7
DA:31,4
DA:32,4
DA:34,4
DA:35,1
DA:39,1
DA:40,1
DA:43,3
DA:44,1
DA:48,1
DA:49,1
DA:52,2
DA:53,1
DA:54,1
DA:56,3
DA:60,3
DA:61,3
DA:76,3
DA:77,3
DA:78,3
DA:80,1
DA:81,0
DA:85,0
DA:86,0
DA:89,1
DA:90,1
DA:92,2
DA:96,2
DA:97,2
LF:32
LH:29
BRDA:34,0,0,1
BRDA:43,1,0,1
BRDA:43,2,0,3
BRDA:43,2,1,2
BRDA:57,3,0,3
BRDA:57,3,1,0
BRDA:58,4,0,0
BRDA:58,4,1,3
BRDA:80,5,0,0
BRDA:93,6,0,2
BRDA:93,6,1,0
BRF:11
BRH:7
end_of_record
TN:
SF:src/dtos/auth/login.dto.ts
FNF:0
FNH:0
DA:9,1
DA:11,1
LF:2
LH:2
BRF:0
BRH:0
end_of_record
TN:
SF:src/dtos/auth/register.dto.ts
FNF:0
FNH:0
DA:9,1
DA:10,1
DA:12,1
LF:3
LH:3
BRF:0
BRH:0
end_of_record
TN:
SF:src/models/user.model.ts
FNF:0
FNH:0
DA:2,6
DA:3,6
DA:16,6
DA:25,6
LF:4
LH:4
BRF:0
BRH:0
end_of_record
TN:
SF:src/models/video.model.ts
FNF:0
FNH:0
DA:1,2
DA:2,2
DA:3,2
DA:22,2
DA:37,2
DA:101,2
DA:102,2
LF:7
LH:7
BRF:0
BRH:0
end_of_record
TN:
SF:src/plugins/kafkaProducer.ts
FN:11,(anonymous_0)
FN:21,(anonymous_1)
FN:40,(anonymous_2)
FN:44,(anonymous_3)
FN:57,(anonymous_4)
FNF:5
FNH:0
FNDA:0,(anonymous_0)
FNDA:0,(anonymous_1)
FNDA:0,(anonymous_2)
FNDA:0,(anonymous_3)
FNDA:0,(anonymous_4)
DA:8,2
DA:11,0
DA:12,0
DA:22,0
DA:23,0
DA:27,0
DA:29,0
DA:30,0
DA:41,0
DA:42,0
DA:44,0
DA:48,0
DA:50,0
DA:51,0
DA:57,2
DA:58,0
LF:16
LH:2
BRF:0
BRH:0
end_of_record
TN:
SF:src/repositories/user.repository.ts
FN:4,(anonymous_0)
FN:8,(anonymous_1)
FN:12,(anonymous_2)
FN:16,(anonymous_3)
FN:20,(anonymous_4)
FN:29,(anonymous_5)
FNF:6
FNH:6
FNDA:1,(anonymous_0)
FNDA:2,(anonymous_1)
FNDA:2,(anonymous_2)
FNDA:1,(anonymous_3)
FNDA:2,(anonymous_4)
FNDA:2,(anonymous_5)
DA:1,5
DA:3,5
DA:5,1
DA:9,2
DA:13,2
DA:17,1
DA:21,2
DA:22,2
DA:23,1
DA:24,1
DA:26,1
DA:30,2
DA:31,2
DA:32,1
DA:34,1
DA:35,1
LF:16
LH:16
BRDA:22,0,0,1
BRDA:31,1,0,1
BRF:2
BRH:2
end_of_record
TN:
SF:src/repositories/video.repository.ts
FN:4,(anonymous_0)
FN:8,(anonymous_1)
FN:12,(anonymous_2)
FNF:3
FNH:3
FNDA:1,(anonymous_0)
FNDA:2,(anonymous_1)
FNDA:2,(anonymous_2)
DA:1,3
DA:3,3
DA:5,1
DA:9,2
DA:13,2
LF:5
LH:5
BRF:0
BRH:0
end_of_record
TN:
SF:src/services/auth.service.ts
FN:10,(anonymous_1)
FN:22,(anonymous_2)
FN:56,(anonymous_3)
FNF:3
FNH:3
FNDA:5,(anonymous_1)
FNDA:2,(anonymous_2)
FNDA:3,(anonymous_3)
DA:2,2
DA:3,2
DA:4,2
DA:7,2
DA:10,5
DA:11,5
DA:23,2
DA:24,2
DA:25,1
DA:29,1
DA:32,1
DA:33,1
DA:39,1
DA:57,3
DA:58,3
DA:59,1
DA:63,1
DA:66,2
DA:67,2
DA:68,1
DA:72,1
DA:75,1
DA:81,1
LF:23
LH:23
BRDA:24,0,0,1
BRDA:58,1,0,1
BRDA:67,2,0,1
BRDA:77,3,0,1
BRDA:77,3,1,0
BRF:5
BRH:4
end_of_record
TN:
SF:src/services/user.service.ts
FN:8,(anonymous_1)
FN:16,(anonymous_2)
FN:18,(anonymous_3)
FN:32,(anonymous_4)
FN:60,(anonymous_5)
FN:78,(anonymous_6)
FN:98,(anonymous_7)
FN:116,(anonymous_8)
FNF:8
FNH:8
FNDA:10,(anonymous_1)
FNDA:1,(anonymous_2)
FNDA:2,(anonymous_3)
FNDA:2,(anonymous_4)
FNDA:2,(anonymous_5)
FNDA:1,(anonymous_6)
FNDA:2,(anonymous_7)
FNDA:2,(anonymous_8)
DA:2,2
DA:3,2
DA:5,2
DA:9,10
DA:17,1
DA:18,2
DA:33,2
DA:34,2
DA:35,1
DA:38,1
DA:39,1
DA:42,1
DA:43,1
DA:44,0
DA:47,1
DA:61,2
DA:62,2
DA:63,1
DA:66,1
DA:67,1
DA:79,1
DA:80,1
DA:85,1
DA:99,2
DA:100,2
DA:101,1
DA:104,1
DA:117,2
LF:28
LH:27
BRDA:34,0,0,1
BRDA:38,1,0,1
BRDA:43,2,0,0
BRDA:62,3,0,1
BRDA:100,4,0,1
BRF:5
BRH:4
end_of_record
TN:
SF:src/services/video.service.ts
FN:15,(anonymous_0)
FN:27,(anonymous_1)
FN:83,(anonymous_2)
FN:145,(anonymous_3)
FN:171,(anonymous_4)
FNF:5
FNH:5
FNDA:8,(anonymous_0)
FNDA:2,(anonymous_1)
FNDA:2,(anonymous_2)
FNDA:2,(anonymous_3)
FNDA:2,(anonymous_4)
DA:1,3
DA:2,3
DA:3,3
DA:4,3
DA:6,3
DA:7,3
DA:9,3
DA:12,3
DA:15,8
DA:16,8
DA:32,2
DA:33,2
DA:34,2
DA:36,2
DA:42,2
DA:45,1
DA:56,1
DA:58,1
DA:63,1
DA:64,1
DA:65,1
DA:67,0
DA:68,0
DA:72,0
DA:87,2
DA:89,2
DA:90,2
DA:91,2
DA:92,1
DA:95,1
DA:100,1
DA:101,0
DA:104,1
DA:105,1
DA:108,1
DA:109,1
DA:116,1
DA:124,1
DA:135,1
DA:146,2
DA:147,2
DA:148,1
DA:151,1
DA:176,2
DA:182,2
DA:184,2
DA:185,1
DA:188,1
DA:191,1
DA:192,1
DA:198,1
LF:51
LH:47
BRDA:63,0,0,1
BRDA:64,1,0,1
BRDA:67,2,0,0
BRDA:91,3,0,1
BRDA:100,4,0,0
BRDA:127,5,0,1
BRDA:127,5,1,0
BRDA:147,6,0,1
BRDA:154,7,0,1
BRDA:154,7,1,0
BRDA:178,8,0,2
BRDA:178,8,1,1
BRDA:179,9,0,2
BRDA:179,9,1,1
BRDA:184,10,0,1
BRDA:195,11,0,1
BRDA:195,11,1,1
BRDA:201,12,0,1
BRDA:201,12,1,0
BRF:19
BRH:14
end_of_record
